{"/Users/davidbenkooi/Documents/workspace/react-api-data/src/reducer.ts": {"path":"/Users/davidbenkooi/Documents/workspace/react-api-data/src/reducer.ts","statementMap":{"0":{"start":{"line":38,"column":16},"end":{"line":38,"column":54}},"1":{"start":{"line":59,"column":21},"end":{"line":64,"column":1}},"2":{"start":{"line":123,"column":22},"end":{"line":123,"column":29}},"3":{"start":{"line":127,"column":16},"end":{"line":127,"column":50}},"4":{"start":{"line":128,"column":4},"end":{"line":214,"column":5}},"5":{"start":{"line":130,"column":12},"end":{"line":133,"column":14}},"6":{"start":{"line":135,"column":12},"end":{"line":148,"column":14}},"7":{"start":{"line":150,"column":28},"end":{"line":150,"column":69}},"8":{"start":{"line":152,"column":12},"end":{"line":171,"column":14}},"9":{"start":{"line":174,"column":28},"end":{"line":174,"column":69}},"10":{"start":{"line":176,"column":12},"end":{"line":189,"column":14}},"11":{"start":{"line":192,"column":28},"end":{"line":192,"column":69}},"12":{"start":{"line":193,"column":12},"end":{"line":202,"column":22}},"13":{"start":{"line":205,"column":12},"end":{"line":205,"column":32}},"14":{"start":{"line":208,"column":12},"end":{"line":211,"column":14}},"15":{"start":{"line":213,"column":12},"end":{"line":213,"column":25}},"16":{"start":{"line":218,"column":20},"end":{"line":224,"column":20}},"17":{"start":{"line":218,"column":77},"end":{"line":224,"column":20}},"18":{"start":{"line":218,"column":133},"end":{"line":224,"column":2}},"19":{"start":{"line":226,"column":18},"end":{"line":227,"column":108}},"20":{"start":{"line":227,"column":4},"end":{"line":227,"column":108}},"21":{"start":{"line":227,"column":56},"end":{"line":227,"column":107}},"22":{"start":{"line":229,"column":22},"end":{"line":230,"column":102}},"23":{"start":{"line":229,"column":44},"end":{"line":229,"column":71}},"24":{"start":{"line":230,"column":4},"end":{"line":230,"column":102}},"25":{"start":{"line":230,"column":64},"end":{"line":230,"column":91}},"26":{"start":{"line":234,"column":36},"end":{"line":235,"column":57}},"27":{"start":{"line":235,"column":4},"end":{"line":235,"column":57}},"28":{"start":{"line":237,"column":38},"end":{"line":246,"column":2}},"29":{"start":{"line":237,"column":136},"end":{"line":246,"column":2}},"30":{"start":{"line":238,"column":54},"end":{"line":244,"column":6}},"31":{"start":{"line":254,"column":32},"end":{"line":260,"column":2}},"32":{"start":{"line":254,"column":161},"end":{"line":260,"column":2}},"33":{"start":{"line":262,"column":23},"end":{"line":274,"column":2}},"34":{"start":{"line":262,"column":142},"end":{"line":274,"column":2}},"35":{"start":{"line":276,"column":20},"end":{"line":283,"column":2}},"36":{"start":{"line":276,"column":100},"end":{"line":283,"column":2}},"37":{"start":{"line":286,"column":24},"end":{"line":293,"column":1}},"38":{"start":{"line":288,"column":15},"end":{"line":288,"column":44}},"39":{"start":{"line":288,"column":41},"end":{"line":288,"column":44}},"40":{"start":{"line":289,"column":16},"end":{"line":289,"column":32}},"41":{"start":{"line":290,"column":16},"end":{"line":290,"column":36}},"42":{"start":{"line":292,"column":4},"end":{"line":292,"column":65}},"43":{"start":{"line":292,"column":42},"end":{"line":292,"column":64}},"44":{"start":{"line":300,"column":33},"end":{"line":409,"column":5}},"45":{"start":{"line":301,"column":4},"end":{"line":409,"column":5}},"46":{"start":{"line":302,"column":22},"end":{"line":302,"column":32}},"47":{"start":{"line":303,"column":23},"end":{"line":303,"column":64}},"48":{"start":{"line":304,"column":29},"end":{"line":304,"column":55}},"49":{"start":{"line":306,"column":8},"end":{"line":312,"column":9}},"50":{"start":{"line":307,"column":29},"end":{"line":307,"column":98}},"51":{"start":{"line":308,"column":12},"end":{"line":310,"column":13}},"52":{"start":{"line":309,"column":16},"end":{"line":309,"column":40}},"53":{"start":{"line":311,"column":12},"end":{"line":311,"column":44}},"54":{"start":{"line":314,"column":31},"end":{"line":314,"column":84}},"55":{"start":{"line":317,"column":8},"end":{"line":322,"column":9}},"56":{"start":{"line":321,"column":12},"end":{"line":321,"column":37}},"57":{"start":{"line":324,"column":27},"end":{"line":324,"column":67}},"58":{"start":{"line":326,"column":8},"end":{"line":333,"column":44}},"59":{"start":{"line":335,"column":41},"end":{"line":335,"column":85}},"60":{"start":{"line":336,"column":34},"end":{"line":336,"column":146}},"61":{"start":{"line":337,"column":8},"end":{"line":337,"column":137}},"62":{"start":{"line":339,"column":24},"end":{"line":347,"column":9}},"63":{"start":{"line":340,"column":12},"end":{"line":342,"column":13}},"64":{"start":{"line":341,"column":16},"end":{"line":341,"column":23}},"65":{"start":{"line":344,"column":12},"end":{"line":346,"column":13}},"66":{"start":{"line":345,"column":16},"end":{"line":345,"column":120}},"67":{"start":{"line":349,"column":8},"end":{"line":408,"column":11}},"68":{"start":{"line":350,"column":28},"end":{"line":350,"column":66}},"69":{"start":{"line":353,"column":26},"end":{"line":353,"column":31}},"70":{"start":{"line":355,"column":12},"end":{"line":364,"column":13}},"71":{"start":{"line":356,"column":16},"end":{"line":363,"column":28}},"72":{"start":{"line":357,"column":34},"end":{"line":357,"column":54}},"73":{"start":{"line":359,"column":20},"end":{"line":359,"column":61}},"74":{"start":{"line":360,"column":20},"end":{"line":360,"column":35}},"75":{"start":{"line":361,"column":20},"end":{"line":361,"column":35}},"76":{"start":{"line":362,"column":20},"end":{"line":362,"column":30}},"77":{"start":{"line":366,"column":12},"end":{"line":407,"column":14}},"78":{"start":{"line":367,"column":19},"end":{"line":367,"column":27}},"79":{"start":{"line":367,"column":29},"end":{"line":367,"column":33}},"80":{"start":{"line":368,"column":20},"end":{"line":370,"column":21}},"81":{"start":{"line":369,"column":24},"end":{"line":369,"column":31}},"82":{"start":{"line":371,"column":20},"end":{"line":371,"column":47}},"83":{"start":{"line":373,"column":42},"end":{"line":373,"column":92}},"84":{"start":{"line":374,"column":20},"end":{"line":378,"column":21}},"85":{"start":{"line":375,"column":44},"end":{"line":375,"column":77}},"86":{"start":{"line":376,"column":24},"end":{"line":376,"column":56}},"87":{"start":{"line":377,"column":24},"end":{"line":377,"column":48}},"88":{"start":{"line":380,"column":20},"end":{"line":395,"column":21}},"89":{"start":{"line":381,"column":24},"end":{"line":381,"column":85}},"90":{"start":{"line":383,"column":24},"end":{"line":391,"column":25}},"91":{"start":{"line":384,"column":51},"end":{"line":384,"column":109}},"92":{"start":{"line":385,"column":28},"end":{"line":387,"column":29}},"93":{"start":{"line":386,"column":32},"end":{"line":386,"column":39}},"94":{"start":{"line":388,"column":28},"end":{"line":390,"column":29}},"95":{"start":{"line":389,"column":32},"end":{"line":389,"column":94}},"96":{"start":{"line":393,"column":24},"end":{"line":393,"column":74}},"97":{"start":{"line":394,"column":24},"end":{"line":394,"column":48}},"98":{"start":{"line":396,"column":20},"end":{"line":396,"column":30}},"99":{"start":{"line":399,"column":20},"end":{"line":401,"column":21}},"100":{"start":{"line":400,"column":24},"end":{"line":400,"column":31}},"101":{"start":{"line":402,"column":20},"end":{"line":402,"column":47}},"102":{"start":{"line":403,"column":20},"end":{"line":403,"column":72}},"103":{"start":{"line":404,"column":20},"end":{"line":404,"column":46}},"104":{"start":{"line":405,"column":20},"end":{"line":405,"column":30}},"105":{"start":{"line":415,"column":40},"end":{"line":420,"column":2}},"106":{"start":{"line":415,"column":122},"end":{"line":420,"column":2}},"107":{"start":{"line":427,"column":30},"end":{"line":429,"column":2}},"108":{"start":{"line":427,"column":65},"end":{"line":429,"column":2}},"109":{"start":{"line":438,"column":33},"end":{"line":439,"column":61}},"110":{"start":{"line":439,"column":4},"end":{"line":439,"column":61}},"111":{"start":{"line":446,"column":29},"end":{"line":466,"column":1}},"112":{"start":{"line":447,"column":19},"end":{"line":447,"column":59}},"113":{"start":{"line":448,"column":20},"end":{"line":448,"column":72}},"114":{"start":{"line":450,"column":4},"end":{"line":455,"column":5}},"115":{"start":{"line":451,"column":8},"end":{"line":453,"column":9}},"116":{"start":{"line":452,"column":12},"end":{"line":452,"column":99}},"117":{"start":{"line":454,"column":8},"end":{"line":454,"column":15}},"118":{"start":{"line":457,"column":4},"end":{"line":459,"column":5}},"119":{"start":{"line":458,"column":8},"end":{"line":458,"column":15}},"120":{"start":{"line":461,"column":4},"end":{"line":465,"column":6}},"121":{"start":{"line":471,"column":25},"end":{"line":474,"column":1}},"122":{"start":{"line":472,"column":19},"end":{"line":472,"column":93}},"123":{"start":{"line":473,"column":4},"end":{"line":473,"column":68}},"124":{"start":{"line":476,"column":21},"end":{"line":477,"column":144}},"125":{"start":{"line":477,"column":4},"end":{"line":477,"column":144}},"126":{"start":{"line":486,"column":33},"end":{"line":488,"column":1}},"127":{"start":{"line":487,"column":4},"end":{"line":487,"column":37}}},"fnMap":{"0":{"name":"(anonymous_1)","decl":{"start":{"line":127,"column":15},"end":{"line":127,"column":15}},"loc":{"start":{"line":127,"column":66},"end":{"line":215,"column":1}}},"1":{"name":"(anonymous_2)","decl":{"start":{"line":218,"column":20},"end":{"line":218,"column":20}},"loc":{"start":{"line":218,"column":62},"end":{"line":224,"column":20}}},"2":{"name":"(anonymous_3)","decl":{"start":{"line":218,"column":109},"end":{"line":218,"column":109}},"loc":{"start":{"line":218,"column":128},"end":{"line":224,"column":2}}},"3":{"name":"(anonymous_4)","decl":{"start":{"line":226,"column":18},"end":{"line":226,"column":18}},"loc":{"start":{"line":226,"column":55},"end":{"line":227,"column":108}}},"4":{"name":"(anonymous_5)","decl":{"start":{"line":227,"column":47},"end":{"line":227,"column":46}},"loc":{"start":{"line":227,"column":52},"end":{"line":227,"column":107}}},"5":{"name":"(anonymous_6)","decl":{"start":{"line":229,"column":22},"end":{"line":229,"column":22}},"loc":{"start":{"line":229,"column":71},"end":{"line":230,"column":102}}},"6":{"name":"(anonymous_7)","decl":{"start":{"line":230,"column":55},"end":{"line":230,"column":54}},"loc":{"start":{"line":230,"column":60},"end":{"line":230,"column":91}}},"7":{"name":"(anonymous_8)","decl":{"start":{"line":234,"column":36},"end":{"line":234,"column":36}},"loc":{"start":{"line":234,"column":65},"end":{"line":235,"column":57}}},"8":{"name":"(anonymous_9)","decl":{"start":{"line":237,"column":38},"end":{"line":237,"column":38}},"loc":{"start":{"line":237,"column":89},"end":{"line":246,"column":2}}},"9":{"name":"(anonymous_10)","decl":{"start":{"line":238,"column":37},"end":{"line":238,"column":37}},"loc":{"start":{"line":238,"column":49},"end":{"line":244,"column":6}}},"10":{"name":"(anonymous_11)","decl":{"start":{"line":254,"column":32},"end":{"line":254,"column":32}},"loc":{"start":{"line":254,"column":132},"end":{"line":260,"column":2}}},"11":{"name":"(anonymous_12)","decl":{"start":{"line":262,"column":23},"end":{"line":262,"column":23}},"loc":{"start":{"line":262,"column":115},"end":{"line":274,"column":2}}},"12":{"name":"(anonymous_13)","decl":{"start":{"line":276,"column":20},"end":{"line":276,"column":20}},"loc":{"start":{"line":276,"column":76},"end":{"line":283,"column":2}}},"13":{"name":"(anonymous_14)","decl":{"start":{"line":286,"column":24},"end":{"line":286,"column":24}},"loc":{"start":{"line":286,"column":73},"end":{"line":293,"column":1}}},"14":{"name":"(anonymous_15)","decl":{"start":{"line":288,"column":15},"end":{"line":288,"column":15}},"loc":{"start":{"line":288,"column":36},"end":{"line":288,"column":44}}},"15":{"name":"(anonymous_16)","decl":{"start":{"line":292,"column":11},"end":{"line":292,"column":11}},"loc":{"start":{"line":292,"column":37},"end":{"line":292,"column":64}}},"16":{"name":"(anonymous_17)","decl":{"start":{"line":300,"column":33},"end":{"line":300,"column":33}},"loc":{"start":{"line":300,"column":90},"end":{"line":409,"column":5}}},"17":{"name":"(anonymous_18)","decl":{"start":{"line":301,"column":4},"end":{"line":301,"column":4}},"loc":{"start":{"line":301,"column":44},"end":{"line":409,"column":5}}},"18":{"name":"(anonymous_19)","decl":{"start":{"line":339,"column":24},"end":{"line":339,"column":24}},"loc":{"start":{"line":339,"column":63},"end":{"line":347,"column":9}}},"19":{"name":"(anonymous_20)","decl":{"start":{"line":349,"column":27},"end":{"line":349,"column":27}},"loc":{"start":{"line":349,"column":45},"end":{"line":408,"column":9}}},"20":{"name":"(anonymous_21)","decl":{"start":{"line":356,"column":42},"end":{"line":null,"column":-1}},"loc":{"start":{"line":356,"column":42},"end":{"line":363,"column":17}}},"21":{"name":"(anonymous_22)","decl":{"start":{"line":367,"column":16},"end":{"line":367,"column":16}},"loc":{"start":{"line":367,"column":52},"end":{"line":397,"column":17}}},"22":{"name":"(anonymous_23)","decl":{"start":{"line":398,"column":16},"end":{"line":398,"column":16}},"loc":{"start":{"line":398,"column":27},"end":{"line":406,"column":17}}},"23":{"name":"(anonymous_24)","decl":{"start":{"line":415,"column":40},"end":{"line":415,"column":40}},"loc":{"start":{"line":415,"column":85},"end":{"line":420,"column":2}}},"24":{"name":"(anonymous_25)","decl":{"start":{"line":427,"column":30},"end":{"line":427,"column":64}},"loc":{"start":{"line":427,"column":30},"end":{"line":429,"column":2}}},"25":{"name":"(anonymous_26)","decl":{"start":{"line":438,"column":33},"end":{"line":438,"column":33}},"loc":{"start":{"line":438,"column":106},"end":{"line":439,"column":61}}},"26":{"name":"(anonymous_27)","decl":{"start":{"line":446,"column":29},"end":{"line":446,"column":29}},"loc":{"start":{"line":446,"column":102},"end":{"line":466,"column":1}}},"27":{"name":"(anonymous_28)","decl":{"start":{"line":471,"column":25},"end":{"line":471,"column":25}},"loc":{"start":{"line":471,"column":86},"end":{"line":474,"column":1}}},"28":{"name":"(anonymous_29)","decl":{"start":{"line":476,"column":21},"end":{"line":476,"column":21}},"loc":{"start":{"line":476,"column":84},"end":{"line":477,"column":144}}},"29":{"name":"(anonymous_30)","decl":{"start":{"line":486,"column":33},"end":{"line":486,"column":33}},"loc":{"start":{"line":486,"column":64},"end":{"line":488,"column":1}}}},"branchMap":{"0":{"loc":{"start":{"line":127,"column":16},"end":{"line":127,"column":50}},"type":"if","locations":[{"start":{"line":127,"column":16},"end":{"line":127,"column":50}},{"start":{"line":127,"column":16},"end":{"line":127,"column":50}}]},"1":{"loc":{"start":{"line":129,"column":8},"end":{"line":133,"column":14}},"type":"switch","locations":[{"start":{"line":129,"column":8},"end":{"line":133,"column":14}},{"start":{"line":134,"column":8},"end":{"line":148,"column":14}},{"start":{"line":149,"column":8},"end":{"line":172,"column":9}},{"start":{"line":173,"column":8},"end":{"line":190,"column":9}},{"start":{"line":191,"column":8},"end":{"line":203,"column":9}},{"start":{"line":204,"column":8},"end":{"line":206,"column":9}},{"start":{"line":207,"column":8},"end":{"line":211,"column":14}},{"start":{"line":212,"column":8},"end":{"line":213,"column":25}}]},"2":{"loc":{"start":{"line":160,"column":64},"end":{"line":160,"column":100}},"type":"cond-expr","locations":[{"start":{"line":160,"column":64},"end":{"line":160,"column":100}},{"start":{"line":160,"column":103},"end":{"line":160,"column":130}}]},"3":{"loc":{"start":{"line":167,"column":30},"end":{"line":167,"column":97}},"type":"cond-expr","locations":[{"start":{"line":167,"column":30},"end":{"line":167,"column":97}},{"start":{"line":168,"column":30},"end":{"line":168,"column":44}}]},"4":{"loc":{"start":{"line":193,"column":28},"end":{"line":199,"column":46}},"type":"cond-expr","locations":[{"start":{"line":193,"column":28},"end":{"line":199,"column":46}},{"start":{"line":202,"column":16},"end":{"line":202,"column":21}}]},"5":{"loc":{"start":{"line":221,"column":12},"end":{"line":221,"column":32}},"type":"binary-expr","locations":[{"start":{"line":221,"column":12},"end":{"line":221,"column":32}},{"start":{"line":221,"column":36},"end":{"line":221,"column":38}}]},"6":{"loc":{"start":{"line":227,"column":14},"end":{"line":227,"column":17}},"type":"cond-expr","locations":[{"start":{"line":227,"column":14},"end":{"line":227,"column":17}},{"start":{"line":227,"column":20},"end":{"line":227,"column":108}}]},"7":{"loc":{"start":{"line":227,"column":65},"end":{"line":227,"column":102}},"type":"cond-expr","locations":[{"start":{"line":227,"column":65},"end":{"line":227,"column":102}},{"start":{"line":227,"column":105},"end":{"line":227,"column":107}}]},"8":{"loc":{"start":{"line":227,"column":65},"end":{"line":227,"column":96}},"type":"binary-expr","locations":[{"start":{"line":227,"column":65},"end":{"line":227,"column":96}},{"start":{"line":227,"column":100},"end":{"line":227,"column":102}}]},"9":{"loc":{"start":{"line":229,"column":44},"end":{"line":229,"column":71}},"type":"if","locations":[{"start":{"line":229,"column":44},"end":{"line":229,"column":71}},{"start":{"line":229,"column":44},"end":{"line":229,"column":71}}]},"10":{"loc":{"start":{"line":235,"column":34},"end":{"line":235,"column":41}},"type":"cond-expr","locations":[{"start":{"line":235,"column":34},"end":{"line":235,"column":41}},{"start":{"line":235,"column":44},"end":{"line":235,"column":57}}]},"11":{"loc":{"start":{"line":268,"column":14},"end":{"line":268,"column":56}},"type":"cond-expr","locations":[{"start":{"line":268,"column":14},"end":{"line":268,"column":56}},{"start":{"line":269,"column":14},"end":{"line":269,"column":18}}]},"12":{"loc":{"start":{"line":271,"column":14},"end":{"line":271,"column":60}},"type":"cond-expr","locations":[{"start":{"line":271,"column":14},"end":{"line":271,"column":60}},{"start":{"line":272,"column":14},"end":{"line":272,"column":23}}]},"13":{"loc":{"start":{"line":289,"column":16},"end":{"line":289,"column":26}},"type":"binary-expr","locations":[{"start":{"line":289,"column":16},"end":{"line":289,"column":26}},{"start":{"line":289,"column":30},"end":{"line":289,"column":32}}]},"14":{"loc":{"start":{"line":290,"column":16},"end":{"line":290,"column":30}},"type":"binary-expr","locations":[{"start":{"line":290,"column":16},"end":{"line":290,"column":30}},{"start":{"line":290,"column":34},"end":{"line":290,"column":36}}]},"15":{"loc":{"start":{"line":306,"column":8},"end":{"line":312,"column":9}},"type":"if","locations":[{"start":{"line":306,"column":8},"end":{"line":312,"column":9}},{"start":{"line":306,"column":8},"end":{"line":312,"column":9}}]},"16":{"loc":{"start":{"line":308,"column":12},"end":{"line":310,"column":13}},"type":"if","locations":[{"start":{"line":308,"column":12},"end":{"line":310,"column":13}},{"start":{"line":308,"column":12},"end":{"line":310,"column":13}}]},"17":{"loc":{"start":{"line":317,"column":8},"end":{"line":322,"column":9}},"type":"if","locations":[{"start":{"line":317,"column":8},"end":{"line":322,"column":9}},{"start":{"line":317,"column":8},"end":{"line":322,"column":9}}]},"18":{"loc":{"start":{"line":317,"column":12},"end":{"line":317,"column":26}},"type":"binary-expr","locations":[{"start":{"line":317,"column":12},"end":{"line":317,"column":26}},{"start":{"line":318,"column":12},"end":{"line":318,"column":54}},{"start":{"line":319,"column":13},"end":{"line":319,"column":36}},{"start":{"line":319,"column":40},"end":{"line":319,"column":82}},{"start":{"line":319,"column":86},"end":{"line":319,"column":123}}]},"19":{"loc":{"start":{"line":324,"column":54},"end":{"line":324,"column":60}},"type":"binary-expr","locations":[{"start":{"line":324,"column":54},"end":{"line":324,"column":60}},{"start":{"line":324,"column":64},"end":{"line":324,"column":66}}]},"20":{"loc":{"start":{"line":340,"column":12},"end":{"line":342,"column":13}},"type":"if","locations":[{"start":{"line":340,"column":12},"end":{"line":342,"column":13}},{"start":{"line":340,"column":12},"end":{"line":342,"column":13}}]},"21":{"loc":{"start":{"line":340,"column":16},"end":{"line":340,"column":64}},"type":"binary-expr","locations":[{"start":{"line":340,"column":16},"end":{"line":340,"column":64}},{"start":{"line":340,"column":68},"end":{"line":340,"column":162}}]},"22":{"loc":{"start":{"line":344,"column":12},"end":{"line":346,"column":13}},"type":"if","locations":[{"start":{"line":344,"column":12},"end":{"line":346,"column":13}},{"start":{"line":344,"column":12},"end":{"line":346,"column":13}}]},"23":{"loc":{"start":{"line":350,"column":28},"end":{"line":350,"column":42}},"type":"binary-expr","locations":[{"start":{"line":350,"column":28},"end":{"line":350,"column":42}},{"start":{"line":350,"column":46},"end":{"line":350,"column":66}}]},"24":{"loc":{"start":{"line":355,"column":12},"end":{"line":364,"column":13}},"type":"if","locations":[{"start":{"line":355,"column":12},"end":{"line":364,"column":13}},{"start":{"line":355,"column":12},"end":{"line":364,"column":13}}]},"25":{"loc":{"start":{"line":368,"column":20},"end":{"line":370,"column":21}},"type":"if","locations":[{"start":{"line":368,"column":20},"end":{"line":370,"column":21}},{"start":{"line":368,"column":20},"end":{"line":370,"column":21}}]},"26":{"loc":{"start":{"line":373,"column":42},"end":{"line":373,"column":62}},"type":"binary-expr","locations":[{"start":{"line":373,"column":42},"end":{"line":373,"column":62}},{"start":{"line":373,"column":66},"end":{"line":373,"column":92}}]},"27":{"loc":{"start":{"line":374,"column":20},"end":{"line":378,"column":21}},"type":"if","locations":[{"start":{"line":374,"column":20},"end":{"line":378,"column":21}},{"start":{"line":374,"column":20},"end":{"line":378,"column":21}}]},"28":{"loc":{"start":{"line":374,"column":24},"end":{"line":374,"column":35}},"type":"binary-expr","locations":[{"start":{"line":374,"column":24},"end":{"line":374,"column":35}},{"start":{"line":374,"column":39},"end":{"line":374,"column":52}}]},"29":{"loc":{"start":{"line":380,"column":20},"end":{"line":395,"column":21}},"type":"if","locations":[{"start":{"line":380,"column":20},"end":{"line":395,"column":21}},{"start":{"line":380,"column":20},"end":{"line":395,"column":21}}]},"30":{"loc":{"start":{"line":383,"column":24},"end":{"line":391,"column":25}},"type":"if","locations":[{"start":{"line":383,"column":24},"end":{"line":391,"column":25}},{"start":{"line":383,"column":24},"end":{"line":391,"column":25}}]},"31":{"loc":{"start":{"line":383,"column":28},"end":{"line":383,"column":47}},"type":"binary-expr","locations":[{"start":{"line":383,"column":28},"end":{"line":383,"column":47}},{"start":{"line":383,"column":51},"end":{"line":383,"column":76}}]},"32":{"loc":{"start":{"line":385,"column":28},"end":{"line":387,"column":29}},"type":"if","locations":[{"start":{"line":385,"column":28},"end":{"line":387,"column":29}},{"start":{"line":385,"column":28},"end":{"line":387,"column":29}}]},"33":{"loc":{"start":{"line":385,"column":32},"end":{"line":385,"column":51}},"type":"binary-expr","locations":[{"start":{"line":385,"column":32},"end":{"line":385,"column":51}},{"start":{"line":385,"column":55},"end":{"line":385,"column":120}}]},"34":{"loc":{"start":{"line":388,"column":28},"end":{"line":390,"column":29}},"type":"if","locations":[{"start":{"line":388,"column":28},"end":{"line":390,"column":29}},{"start":{"line":388,"column":28},"end":{"line":390,"column":29}}]},"35":{"loc":{"start":{"line":399,"column":20},"end":{"line":401,"column":21}},"type":"if","locations":[{"start":{"line":399,"column":20},"end":{"line":401,"column":21}},{"start":{"line":399,"column":20},"end":{"line":401,"column":21}}]},"36":{"loc":{"start":{"line":450,"column":4},"end":{"line":455,"column":5}},"type":"if","locations":[{"start":{"line":450,"column":4},"end":{"line":455,"column":5}},{"start":{"line":450,"column":4},"end":{"line":455,"column":5}}]},"37":{"loc":{"start":{"line":451,"column":8},"end":{"line":453,"column":9}},"type":"if","locations":[{"start":{"line":451,"column":8},"end":{"line":453,"column":9}},{"start":{"line":451,"column":8},"end":{"line":453,"column":9}}]},"38":{"loc":{"start":{"line":457,"column":4},"end":{"line":459,"column":5}},"type":"if","locations":[{"start":{"line":457,"column":4},"end":{"line":459,"column":5}},{"start":{"line":457,"column":4},"end":{"line":459,"column":5}}]},"39":{"loc":{"start":{"line":457,"column":8},"end":{"line":457,"column":16}},"type":"binary-expr","locations":[{"start":{"line":457,"column":8},"end":{"line":457,"column":16}},{"start":{"line":457,"column":20},"end":{"line":457,"column":35}}]},"40":{"loc":{"start":{"line":461,"column":11},"end":{"line":461,"column":25}},"type":"binary-expr","locations":[{"start":{"line":461,"column":11},"end":{"line":461,"column":25}},{"start":{"line":462,"column":8},"end":{"line":464,"column":28}}]},"41":{"loc":{"start":{"line":463,"column":14},"end":{"line":463,"column":87}},"type":"cond-expr","locations":[{"start":{"line":463,"column":14},"end":{"line":463,"column":87}},{"start":{"line":464,"column":14},"end":{"line":464,"column":28}}]},"42":{"loc":{"start":{"line":472,"column":19},"end":{"line":472,"column":52}},"type":"binary-expr","locations":[{"start":{"line":472,"column":19},"end":{"line":472,"column":52}},{"start":{"line":472,"column":56},"end":{"line":472,"column":93}}]},"43":{"loc":{"start":{"line":473,"column":11},"end":{"line":473,"column":17}},"type":"binary-expr","locations":[{"start":{"line":473,"column":11},"end":{"line":473,"column":17}},{"start":{"line":473,"column":21},"end":{"line":473,"column":67}}]},"44":{"loc":{"start":{"line":477,"column":88},"end":{"line":477,"column":116}},"type":"cond-expr","locations":[{"start":{"line":477,"column":88},"end":{"line":477,"column":116}},{"start":{"line":477,"column":119},"end":{"line":477,"column":143}}]}},"s":{"0":1,"1":1,"2":1,"3":0,"4":0,"5":0,"6":0,"7":0,"8":0,"9":0,"10":0,"11":0,"12":0,"13":0,"14":0,"15":0,"16":1,"17":0,"18":0,"19":1,"20":0,"21":0,"22":1,"23":0,"24":0,"25":0,"26":1,"27":5,"28":1,"29":1,"30":5,"31":1,"32":0,"33":1,"34":0,"35":1,"36":0,"37":1,"38":0,"39":0,"40":0,"41":0,"42":0,"43":0,"44":1,"45":0,"46":0,"47":0,"48":0,"49":0,"50":0,"51":0,"52":0,"53":0,"54":0,"55":0,"56":0,"57":0,"58":0,"59":0,"60":0,"61":0,"62":0,"63":0,"64":0,"65":0,"66":0,"67":0,"68":0,"69":0,"70":0,"71":0,"72":0,"73":0,"74":0,"75":0,"76":0,"77":0,"78":0,"79":0,"80":0,"81":0,"82":0,"83":0,"84":0,"85":0,"86":0,"87":0,"88":0,"89":0,"90":0,"91":0,"92":0,"93":0,"94":0,"95":0,"96":0,"97":0,"98":0,"99":0,"100":0,"101":0,"102":0,"103":0,"104":0,"105":1,"106":0,"107":1,"108":0,"109":1,"110":0,"111":1,"112":0,"113":0,"114":0,"115":0,"116":0,"117":0,"118":0,"119":0,"120":0,"121":1,"122":0,"123":0,"124":1,"125":0,"126":1,"127":0},"f":{"0":0,"1":0,"2":0,"3":0,"4":0,"5":0,"6":0,"7":5,"8":1,"9":5,"10":0,"11":0,"12":0,"13":0,"14":0,"15":0,"16":0,"17":0,"18":0,"19":0,"20":0,"21":0,"22":0,"23":0,"24":0,"25":0,"26":0,"27":0,"28":0,"29":0},"b":{"0":[0,0],"1":[0,0,0,0,0,0,0,0],"2":[0,0],"3":[0,0],"4":[0,0],"5":[0,0],"6":[0,0],"7":[0,0],"8":[0,0],"9":[0,0],"10":[2,3],"11":[0,0],"12":[0,0],"13":[0,0],"14":[0,0],"15":[0,0],"16":[0,0],"17":[0,0],"18":[0,0,0,0,0],"19":[0,0],"20":[0,0],"21":[0,0],"22":[0,0],"23":[0,0],"24":[0,0],"25":[0,0],"26":[0,0],"27":[0,0],"28":[0,0],"29":[0,0],"30":[0,0],"31":[0,0],"32":[0,0],"33":[0,0],"34":[0,0],"35":[0,0],"36":[0,0],"37":[0,0],"38":[0,0],"39":[0,0],"40":[0,0],"41":[0,0],"42":[0,0],"43":[0,0],"44":[0,0]}}
,"/Users/davidbenkooi/Documents/workspace/react-api-data/src/request.ts": {"path":"/Users/davidbenkooi/Documents/workspace/react-api-data/src/request.ts","statementMap":{"0":{"start":{"line":1,"column":16},"end":{"line":1,"column":54}},"1":{"start":{"line":18,"column":19},"end":{"line":26,"column":1}},"2":{"start":{"line":19,"column":20},"end":{"line":19,"column":51}},"3":{"start":{"line":21,"column":4},"end":{"line":23,"column":5}},"4":{"start":{"line":22,"column":8},"end":{"line":22,"column":53}},"5":{"start":{"line":25,"column":4},"end":{"line":25,"column":19}},"6":{"start":{"line":37,"column":47},"end":{"line":90,"column":1}},"7":{"start":{"line":37,"column":53},"end":{"line":37,"column":75}},"8":{"start":{"line":38,"column":4},"end":{"line":40,"column":5}},"9":{"start":{"line":39,"column":8},"end":{"line":39,"column":49}},"10":{"start":{"line":42,"column":4},"end":{"line":42,"column":62}},"11":{"start":{"line":44,"column":4},"end":{"line":46,"column":5}},"12":{"start":{"line":45,"column":8},"end":{"line":45,"column":72}},"13":{"start":{"line":47,"column":4},"end":{"line":89,"column":7}},"14":{"start":{"line":48,"column":33},"end":{"line":77,"column":9}},"15":{"start":{"line":49,"column":12},"end":{"line":51,"column":13}},"16":{"start":{"line":50,"column":16},"end":{"line":50,"column":79}},"17":{"start":{"line":53,"column":12},"end":{"line":76,"column":13}},"18":{"start":{"line":55,"column":16},"end":{"line":58,"column":19}},"19":{"start":{"line":60,"column":16},"end":{"line":75,"column":22}},"20":{"start":{"line":62,"column":39},"end":{"line":65,"column":26}},"21":{"start":{"line":67,"column":28},"end":{"line":69,"column":29}},"22":{"start":{"line":68,"column":32},"end":{"line":68,"column":88}},"23":{"start":{"line":70,"column":28},"end":{"line":73,"column":31}},"24":{"start":{"line":79,"column":31},"end":{"line":86,"column":9}},"25":{"start":{"line":80,"column":12},"end":{"line":83,"column":13}},"26":{"start":{"line":81,"column":16},"end":{"line":81,"column":54}},"27":{"start":{"line":82,"column":16},"end":{"line":82,"column":37}},"28":{"start":{"line":85,"column":12},"end":{"line":85,"column":26}},"29":{"start":{"line":88,"column":8},"end":{"line":88,"column":77}}},"fnMap":{"0":{"name":"(anonymous_0)","decl":{"start":{"line":18,"column":19},"end":{"line":18,"column":19}},"loc":{"start":{"line":18,"column":42},"end":{"line":26,"column":1}}},"1":{"name":"(anonymous_1)","decl":{"start":{"line":37,"column":47},"end":{"line":37,"column":47}},"loc":{"start":{"line":37,"column":75},"end":{"line":90,"column":1}}},"2":{"name":"(anonymous_2)","decl":{"start":{"line":47,"column":23},"end":{"line":47,"column":23}},"loc":{"start":{"line":47,"column":39},"end":{"line":89,"column":5}}},"3":{"name":"(anonymous_3)","decl":{"start":{"line":48,"column":33},"end":{"line":48,"column":33}},"loc":{"start":{"line":48,"column":52},"end":{"line":77,"column":9}}},"4":{"name":"(anonymous_4)","decl":{"start":{"line":62,"column":24},"end":{"line":62,"column":24}},"loc":{"start":{"line":62,"column":34},"end":{"line":65,"column":26}}},"5":{"name":"(anonymous_5)","decl":{"start":{"line":66,"column":24},"end":{"line":66,"column":24}},"loc":{"start":{"line":66,"column":28},"end":{"line":74,"column":25}}},"6":{"name":"(anonymous_6)","decl":{"start":{"line":79,"column":31},"end":{"line":79,"column":31}},"loc":{"start":{"line":79,"column":42},"end":{"line":86,"column":9}}}},"branchMap":{"0":{"loc":{"start":{"line":19,"column":20},"end":{"line":19,"column":45}},"type":"binary-expr","locations":[{"start":{"line":19,"column":20},"end":{"line":19,"column":45}},{"start":{"line":19,"column":49},"end":{"line":19,"column":51}}]},"1":{"loc":{"start":{"line":21,"column":4},"end":{"line":23,"column":5}},"type":"if","locations":[{"start":{"line":21,"column":4},"end":{"line":23,"column":5}},{"start":{"line":21,"column":4},"end":{"line":23,"column":5}}]},"2":{"loc":{"start":{"line":37,"column":53},"end":{"line":37,"column":75}},"type":"if","locations":[{"start":{"line":37,"column":53},"end":{"line":37,"column":75}},{"start":{"line":37,"column":53},"end":{"line":37,"column":75}}]},"3":{"loc":{"start":{"line":38,"column":4},"end":{"line":40,"column":5}},"type":"if","locations":[{"start":{"line":38,"column":4},"end":{"line":40,"column":5}},{"start":{"line":38,"column":4},"end":{"line":40,"column":5}}]},"4":{"loc":{"start":{"line":44,"column":4},"end":{"line":46,"column":5}},"type":"if","locations":[{"start":{"line":44,"column":4},"end":{"line":46,"column":5}},{"start":{"line":44,"column":4},"end":{"line":46,"column":5}}]},"5":{"loc":{"start":{"line":49,"column":12},"end":{"line":51,"column":13}},"type":"if","locations":[{"start":{"line":49,"column":12},"end":{"line":51,"column":13}},{"start":{"line":49,"column":12},"end":{"line":51,"column":13}}]},"6":{"loc":{"start":{"line":53,"column":12},"end":{"line":76,"column":13}},"type":"if","locations":[{"start":{"line":53,"column":12},"end":{"line":76,"column":13}},{"start":{"line":53,"column":12},"end":{"line":76,"column":13}}]},"7":{"loc":{"start":{"line":53,"column":16},"end":{"line":53,"column":39}},"type":"binary-expr","locations":[{"start":{"line":53,"column":16},"end":{"line":53,"column":39}},{"start":{"line":53,"column":43},"end":{"line":53,"column":89}}]},"8":{"loc":{"start":{"line":67,"column":28},"end":{"line":69,"column":29}},"type":"if","locations":[{"start":{"line":67,"column":28},"end":{"line":69,"column":29}},{"start":{"line":67,"column":28},"end":{"line":69,"column":29}}]},"9":{"loc":{"start":{"line":80,"column":12},"end":{"line":83,"column":13}},"type":"if","locations":[{"start":{"line":80,"column":12},"end":{"line":83,"column":13}},{"start":{"line":80,"column":12},"end":{"line":83,"column":13}}]}},"s":{"0":1,"1":1,"2":0,"3":0,"4":0,"5":0,"6":1,"7":0,"8":0,"9":0,"10":0,"11":0,"12":0,"13":0,"14":0,"15":0,"16":0,"17":0,"18":0,"19":0,"20":0,"21":0,"22":0,"23":0,"24":0,"25":0,"26":0,"27":0,"28":0,"29":0},"f":{"0":0,"1":0,"2":0,"3":0,"4":0,"5":0,"6":0},"b":{"0":[0,0],"1":[0,0],"2":[0,0],"3":[0,0],"4":[0,0],"5":[0,0],"6":[0,0],"7":[0,0],"8":[0,0],"9":[0,0]}}
}
