TN:
SF:/Users/davidbenkooi/Documents/workspace/react-api-data/src/reducer.ts
FN:127,(anonymous_1)
FN:218,(anonymous_2)
FN:218,(anonymous_3)
FN:226,(anonymous_4)
FN:227,(anonymous_5)
FN:229,(anonymous_6)
FN:230,(anonymous_7)
FN:234,(anonymous_8)
FN:237,(anonymous_9)
FN:238,(anonymous_10)
FN:254,(anonymous_11)
FN:262,(anonymous_12)
FN:276,(anonymous_13)
FN:286,(anonymous_14)
FN:288,(anonymous_15)
FN:292,(anonymous_16)
FN:300,(anonymous_17)
FN:301,(anonymous_18)
FN:339,(anonymous_19)
FN:349,(anonymous_20)
FN:356,(anonymous_21)
FN:367,(anonymous_22)
FN:398,(anonymous_23)
FN:415,(anonymous_24)
FN:427,(anonymous_25)
FN:438,(anonymous_26)
FN:446,(anonymous_27)
FN:471,(anonymous_28)
FN:476,(anonymous_29)
FN:486,(anonymous_30)
FNF:30
FNH:3
FNDA:0,(anonymous_1)
FNDA:0,(anonymous_2)
FNDA:0,(anonymous_3)
FNDA:0,(anonymous_4)
FNDA:0,(anonymous_5)
FNDA:0,(anonymous_6)
FNDA:0,(anonymous_7)
FNDA:5,(anonymous_8)
FNDA:1,(anonymous_9)
FNDA:5,(anonymous_10)
FNDA:0,(anonymous_11)
FNDA:0,(anonymous_12)
FNDA:0,(anonymous_13)
FNDA:0,(anonymous_14)
FNDA:0,(anonymous_15)
FNDA:0,(anonymous_16)
FNDA:0,(anonymous_17)
FNDA:0,(anonymous_18)
FNDA:0,(anonymous_19)
FNDA:0,(anonymous_20)
FNDA:0,(anonymous_21)
FNDA:0,(anonymous_22)
FNDA:0,(anonymous_23)
FNDA:0,(anonymous_24)
FNDA:0,(anonymous_25)
FNDA:0,(anonymous_26)
FNDA:0,(anonymous_27)
FNDA:0,(anonymous_28)
FNDA:0,(anonymous_29)
FNDA:0,(anonymous_30)
DA:38,1
DA:59,1
DA:123,1
DA:127,0
DA:128,0
DA:130,0
DA:135,0
DA:150,0
DA:152,0
DA:174,0
DA:176,0
DA:192,0
DA:193,0
DA:205,0
DA:208,0
DA:213,0
DA:218,1
DA:226,1
DA:227,0
DA:229,1
DA:230,0
DA:234,1
DA:235,5
DA:237,1
DA:238,5
DA:254,1
DA:262,1
DA:276,1
DA:286,1
DA:288,0
DA:289,0
DA:290,0
DA:292,0
DA:300,1
DA:301,0
DA:302,0
DA:303,0
DA:304,0
DA:306,0
DA:307,0
DA:308,0
DA:309,0
DA:311,0
DA:314,0
DA:317,0
DA:321,0
DA:324,0
DA:326,0
DA:335,0
DA:336,0
DA:337,0
DA:339,0
DA:340,0
DA:341,0
DA:344,0
DA:345,0
DA:349,0
DA:350,0
DA:353,0
DA:355,0
DA:356,0
DA:357,0
DA:359,0
DA:360,0
DA:361,0
DA:362,0
DA:366,0
DA:367,0
DA:368,0
DA:369,0
DA:371,0
DA:373,0
DA:374,0
DA:375,0
DA:376,0
DA:377,0
DA:380,0
DA:381,0
DA:383,0
DA:384,0
DA:385,0
DA:386,0
DA:388,0
DA:389,0
DA:393,0
DA:394,0
DA:396,0
DA:399,0
DA:400,0
DA:402,0
DA:403,0
DA:404,0
DA:405,0
DA:415,1
DA:427,1
DA:438,1
DA:439,0
DA:446,1
DA:447,0
DA:448,0
DA:450,0
DA:451,0
DA:452,0
DA:454,0
DA:457,0
DA:458,0
DA:461,0
DA:471,1
DA:472,0
DA:473,0
DA:476,1
DA:477,0
DA:486,1
DA:487,0
LF:114
LH:22
BRDA:127,0,0,0
BRDA:127,0,1,0
BRDA:129,1,0,0
BRDA:129,1,1,0
BRDA:129,1,2,0
BRDA:129,1,3,0
BRDA:129,1,4,0
BRDA:129,1,5,0
BRDA:129,1,6,0
BRDA:129,1,7,0
BRDA:160,2,0,0
BRDA:160,2,1,0
BRDA:167,3,0,0
BRDA:167,3,1,0
BRDA:193,4,0,0
BRDA:193,4,1,0
BRDA:221,5,0,0
BRDA:221,5,1,0
BRDA:227,6,0,0
BRDA:227,6,1,0
BRDA:227,7,0,0
BRDA:227,7,1,0
BRDA:227,8,0,0
BRDA:227,8,1,0
BRDA:229,9,0,0
BRDA:229,9,1,0
BRDA:235,10,0,2
BRDA:235,10,1,3
BRDA:268,11,0,0
BRDA:268,11,1,0
BRDA:271,12,0,0
BRDA:271,12,1,0
BRDA:289,13,0,0
BRDA:289,13,1,0
BRDA:290,14,0,0
BRDA:290,14,1,0
BRDA:306,15,0,0
BRDA:306,15,1,0
BRDA:308,16,0,0
BRDA:308,16,1,0
BRDA:317,17,0,0
BRDA:317,17,1,0
BRDA:317,18,0,0
BRDA:317,18,1,0
BRDA:317,18,2,0
BRDA:317,18,3,0
BRDA:317,18,4,0
BRDA:324,19,0,0
BRDA:324,19,1,0
BRDA:340,20,0,0
BRDA:340,20,1,0
BRDA:340,21,0,0
BRDA:340,21,1,0
BRDA:344,22,0,0
BRDA:344,22,1,0
BRDA:350,23,0,0
BRDA:350,23,1,0
BRDA:355,24,0,0
BRDA:355,24,1,0
BRDA:368,25,0,0
BRDA:368,25,1,0
BRDA:373,26,0,0
BRDA:373,26,1,0
BRDA:374,27,0,0
BRDA:374,27,1,0
BRDA:374,28,0,0
BRDA:374,28,1,0
BRDA:380,29,0,0
BRDA:380,29,1,0
BRDA:383,30,0,0
BRDA:383,30,1,0
BRDA:383,31,0,0
BRDA:383,31,1,0
BRDA:385,32,0,0
BRDA:385,32,1,0
BRDA:385,33,0,0
BRDA:385,33,1,0
BRDA:388,34,0,0
BRDA:388,34,1,0
BRDA:399,35,0,0
BRDA:399,35,1,0
BRDA:450,36,0,0
BRDA:450,36,1,0
BRDA:451,37,0,0
BRDA:451,37,1,0
BRDA:457,38,0,0
BRDA:457,38,1,0
BRDA:457,39,0,0
BRDA:457,39,1,0
BRDA:461,40,0,0
BRDA:461,40,1,0
BRDA:463,41,0,0
BRDA:463,41,1,0
BRDA:472,42,0,0
BRDA:472,42,1,0
BRDA:473,43,0,0
BRDA:473,43,1,0
BRDA:477,44,0,0
BRDA:477,44,1,0
BRF:99
BRH:2
end_of_record
TN:
SF:/Users/davidbenkooi/Documents/workspace/react-api-data/src/request.ts
FN:18,(anonymous_0)
FN:37,(anonymous_1)
FN:47,(anonymous_2)
FN:48,(anonymous_3)
FN:62,(anonymous_4)
FN:66,(anonymous_5)
FN:79,(anonymous_6)
FNF:7
FNH:0
FNDA:0,(anonymous_0)
FNDA:0,(anonymous_1)
FNDA:0,(anonymous_2)
FNDA:0,(anonymous_3)
FNDA:0,(anonymous_4)
FNDA:0,(anonymous_5)
FNDA:0,(anonymous_6)
DA:1,1
DA:18,1
DA:19,0
DA:21,0
DA:22,0
DA:25,0
DA:37,1
DA:38,0
DA:39,0
DA:42,0
DA:44,0
DA:45,0
DA:47,0
DA:48,0
DA:49,0
DA:50,0
DA:53,0
DA:55,0
DA:60,0
DA:62,0
DA:67,0
DA:68,0
DA:70,0
DA:79,0
DA:80,0
DA:81,0
DA:82,0
DA:85,0
DA:88,0
LF:29
LH:3
BRDA:19,0,0,0
BRDA:19,0,1,0
BRDA:21,1,0,0
BRDA:21,1,1,0
BRDA:37,2,0,0
BRDA:37,2,1,0
BRDA:38,3,0,0
BRDA:38,3,1,0
BRDA:44,4,0,0
BRDA:44,4,1,0
BRDA:49,5,0,0
BRDA:49,5,1,0
BRDA:53,6,0,0
BRDA:53,6,1,0
BRDA:53,7,0,0
BRDA:53,7,1,0
BRDA:67,8,0,0
BRDA:67,8,1,0
BRDA:80,9,0,0
BRDA:80,9,1,0
BRF:20
BRH:0
end_of_record
